This is pdfTeX, Version 3.14159265-2.6-1.40.21 (TeX Live 2020/Arch Linux) (preloaded format=pdflatex 2020.10.13)  20 OCT 2020 13:25
entering extended mode
 restricted \write18 enabled.
 %&-line parsing enabled.
**thesis_RG.tex
(./thesis_RG.tex
LaTeX2e <2020-02-02> patch level 5
L3 programming layer <2020-06-03>
(/usr/share/texmf-dist/tex/latex/koma-script/scrreprt.cls
Document Class: scrreprt 2020/04/19 v3.30 KOMA-Script document class (report)
(/usr/share/texmf-dist/tex/latex/koma-script/scrkbase.sty
Package: scrkbase 2020/04/19 v3.30 KOMA-Script package (KOMA-Script-dependent b
asics and keyval usage)

(/usr/share/texmf-dist/tex/latex/koma-script/scrbase.sty
Package: scrbase 2020/04/19 v3.30 KOMA-Script package (KOMA-Script-independent 
basics and keyval usage)

(/usr/share/texmf-dist/tex/latex/graphics/keyval.sty
Package: keyval 2014/10/28 v1.15 key=value parser (DPC)
\KV@toks@=\toks15
)
(/usr/share/texmf-dist/tex/latex/koma-script/scrlfile.sty
Package: scrlfile 2020/04/19 v3.30 KOMA-Script package (loading files)
)))
(/usr/share/texmf-dist/tex/latex/koma-script/tocbasic.sty
Package: tocbasic 2020/04/19 v3.30 KOMA-Script package (handling toc-files)
\scr@dte@tocline@numberwidth=\skip47
\scr@dte@tocline@numbox=\box45
)
Package tocbasic Info: babel extension for `toc' omitted
(tocbasic)             because of missing \bbl@set@language on input line 137.
Package scrreprt Info: You've used standard option `12pt'.
(scrreprt)             This is correct!
(scrreprt)             Internally I'm using `fontsize=12pt'.
(scrreprt)             If you'd like to set the option with \KOMAoptions,
(scrreprt)             you'd have to use `fontsize=12pt' there
(scrreprt)             instead of `12pt', too.
Class scrreprt Info: You've used standard option `oneside'.
(scrreprt)           This is correct!
(scrreprt)           Internally I'm using `twoside=false'.
(scrreprt)           If you'd like to set the option with \KOMAoptions,
(scrreprt)           you'd have to use `twoside=false' there
(scrreprt)           instead of `oneside', too.
Class scrreprt Info: File `scrsize12pt.clo' used to setup font sizes on input l
ine 2424.

(/usr/share/texmf-dist/tex/latex/koma-script/scrsize12pt.clo
File: scrsize12pt.clo 2020/04/19 v3.30 KOMA-Script font size class option (12pt
)
)
(/usr/share/texmf-dist/tex/latex/koma-script/typearea.sty
Package: typearea 2020/04/19 v3.30 KOMA-Script package (type area)
\ta@bcor=\skip48
\ta@div=\count167
Package typearea Info: You've used standard option `a4paper'.
(typearea)             This is correct!
(typearea)             Internally I'm using `paper=a4'.
(typearea)             If you'd like to set the option with \KOMAoptions,
(typearea)             you'd have to use `paper=a4' there
(typearea)             instead of `a4paper', too.
Package typearea Info: You've used standard option `oneside'.
(typearea)             This is correct!
(typearea)             Internally I'm using `twoside=false'.
(typearea)             If you'd like to set the option with \KOMAoptions,
(typearea)             you'd have to use `twoside=false' there
(typearea)             instead of `oneside', too.
\ta@hblk=\skip49
\ta@vblk=\skip50
\ta@temp=\skip51
\footheight=\skip52
Package typearea Info: These are the values describing the layout:
(typearea)             DIV  = 12
(typearea)             BCOR = 28.45274pt
(typearea)             \paperwidth      = 597.50793pt
(typearea)              \textwidth      = 426.7914pt
(typearea)              DIV departure   = -1%
(typearea)              \evensidemargin = 27.31465pt
(typearea)              \oddsidemargin  = 27.31465pt
(typearea)             \paperheight     = 845.04694pt
(typearea)              \textheight     = 635.5pt
(typearea)              \topmargin      = -41.72441pt
(typearea)              \headheight     = 18.125pt
(typearea)              \headsep        = 21.75pt
(typearea)              \topskip        = 12.0pt
(typearea)              \footskip       = 50.75pt
(typearea)              \baselineskip   = 14.5pt
(typearea)              on input line 1738.
)
\c@part=\count168
\c@chapter=\count169
\c@section=\count170
\c@subsection=\count171
\c@subsubsection=\count172
\c@paragraph=\count173
\c@subparagraph=\count174
\scr@dte@chapter@maxnumwidth=\skip53
Class scrreprt Info: using compatibility default `afterindent=bysign'
(scrreprt)           for `\chapter on input line 5588.
\scr@dte@section@maxnumwidth=\skip54
Class scrreprt Info: using compatibility default `runin=bysign'
(scrreprt)           for `\section on input line 5598.
Class scrreprt Info: using compatibility default `afterindent=bysign'
(scrreprt)           for `\section on input line 5598.
\scr@dte@part@maxnumwidth=\skip55
Class scrreprt Info: using compatibility default `afterindent=true'
(scrreprt)           for `\part on input line 5607.
\scr@dte@subsection@maxnumwidth=\skip56
Class scrreprt Info: using compatibility default `runin=bysign'
(scrreprt)           for `\subsection on input line 5617.
Class scrreprt Info: using compatibility default `afterindent=bysign'
(scrreprt)           for `\subsection on input line 5617.
\scr@dte@subsubsection@maxnumwidth=\skip57
Class scrreprt Info: using compatibility default `runin=bysign'
(scrreprt)           for `\subsubsection on input line 5627.
Class scrreprt Info: using compatibility default `afterindent=bysign'
(scrreprt)           for `\subsubsection on input line 5627.
\scr@dte@paragraph@maxnumwidth=\skip58
Class scrreprt Info: using compatibility default `runin=bysign'
(scrreprt)           for `\paragraph on input line 5637.
Class scrreprt Info: using compatibility default `afterindent=bysign'
(scrreprt)           for `\paragraph on input line 5637.
\scr@dte@subparagraph@maxnumwidth=\skip59
Class scrreprt Info: using compatibility default `runin=bysign'
(scrreprt)           for `\subparagraph on input line 5647.
Class scrreprt Info: using compatibility default `afterindent=bysign'
(scrreprt)           for `\subparagraph on input line 5647.
\abovecaptionskip=\skip60
\belowcaptionskip=\skip61
\c@pti@nb@sid@b@x=\box46
Package tocbasic Info: babel extension for `lof' omitted
(tocbasic)             because of missing \bbl@set@language on input line 6883.

\scr@dte@figure@maxnumwidth=\skip62
\c@figure=\count175
Package tocbasic Info: babel extension for `lot' omitted
(tocbasic)             because of missing \bbl@set@language on input line 6900.

\scr@dte@table@maxnumwidth=\skip63
\c@table=\count176
Class scrreprt Info: Redefining `\numberline' on input line 7069.
\bibindent=\dimen134
)
(/usr/share/texmf-dist/tex/latex/base/inputenc.sty
Package: inputenc 2018/08/11 v1.3c Input encoding file
\inpenc@prehook=\toks16
\inpenc@posthook=\toks17
)
(/usr/share/texmf-dist/tex/latex/microtype/microtype.sty
Package: microtype 2019/11/18 v2.7d Micro-typographical refinements (RS)
\MT@toks=\toks18
\MT@count=\count177
LaTeX Info: Redefining \textls on input line 790.
\MT@outer@kern=\dimen135
LaTeX Info: Redefining \textmicrotypecontext on input line 1354.
\MT@listname@count=\count178

(/usr/share/texmf-dist/tex/latex/microtype/microtype-pdftex.def
File: microtype-pdftex.def 2019/11/18 v2.7d Definitions specific to pdftex (RS)

LaTeX Info: Redefining \lsstyle on input line 914.
LaTeX Info: Redefining \lslig on input line 914.
\MT@outer@space=\skip64
)
Package microtype Info: Loading configuration file microtype.cfg.

(/usr/share/texmf-dist/tex/latex/microtype/microtype.cfg
File: microtype.cfg 2019/11/18 v2.7d microtype main configuration file (RS)
))
(/usr/share/texmf-dist/tex/latex/amsmath/amsmath.sty
Package: amsmath 2020/01/20 v2.17e AMS math features
\@mathmargin=\skip65

For additional information on amsmath, use the `?' option.
(/usr/share/texmf-dist/tex/latex/amsmath/amstext.sty
Package: amstext 2000/06/29 v2.01 AMS text

(/usr/share/texmf-dist/tex/latex/amsmath/amsgen.sty
File: amsgen.sty 1999/11/30 v2.0 generic functions
\@emptytoks=\toks19
\ex@=\dimen136
))
(/usr/share/texmf-dist/tex/latex/amsmath/amsbsy.sty
Package: amsbsy 1999/11/29 v1.2d Bold Symbols
\pmbraise@=\dimen137
)
(/usr/share/texmf-dist/tex/latex/amsmath/amsopn.sty
Package: amsopn 2016/03/08 v2.02 operator names
)
\inf@bad=\count179
LaTeX Info: Redefining \frac on input line 227.
\uproot@=\count180
\leftroot@=\count181
LaTeX Info: Redefining \overline on input line 389.
\classnum@=\count182
\DOTSCASE@=\count183
LaTeX Info: Redefining \ldots on input line 486.
LaTeX Info: Redefining \dots on input line 489.
LaTeX Info: Redefining \cdots on input line 610.
\Mathstrutbox@=\box47
\strutbox@=\box48
\big@size=\dimen138
LaTeX Font Info:    Redeclaring font encoding OML on input line 733.
LaTeX Font Info:    Redeclaring font encoding OMS on input line 734.
\macc@depth=\count184
\c@MaxMatrixCols=\count185
\dotsspace@=\muskip16
\c@parentequation=\count186
\dspbrk@lvl=\count187
\tag@help=\toks20
\row@=\count188
\column@=\count189
\maxfields@=\count190
\andhelp@=\toks21
\eqnshift@=\dimen139
\alignsep@=\dimen140
\tagshift@=\dimen141
\tagwidth@=\dimen142
\totwidth@=\dimen143
\lineht@=\dimen144
\@envbody=\toks22
\multlinegap=\skip66
\multlinetaggap=\skip67
\mathdisplay@stack=\toks23
LaTeX Info: Redefining \[ on input line 2859.
LaTeX Info: Redefining \] on input line 2860.
)
(/usr/share/texmf-dist/tex/latex/amsfonts/amsfonts.sty
Package: amsfonts 2013/01/14 v3.01 Basic AMSFonts support
\symAMSa=\mathgroup4
\symAMSb=\mathgroup5
LaTeX Font Info:    Redeclaring math symbol \hbar on input line 98.
LaTeX Font Info:    Overwriting math alphabet `\mathfrak' in version `bold'
(Font)                  U/euf/m/n --> U/euf/b/n on input line 106.
)
(/usr/share/texmf-dist/tex/latex/amsfonts/amssymb.sty
Package: amssymb 2013/01/14 v3.01 AMS font symbols
)
(/usr/share/texmf-dist/tex/latex/appendix/appendix.sty
Package: appendix 2020/02/08 v1.2c extra appendix facilities
\c@@pps=\count191
\c@@ppsavesec=\count192
\c@@ppsaveapp=\count193
)
(/usr/share/texmf-dist/tex/generic/babel/babel.sty
Package: babel 2020/05/13 3.44 The Babel package

(/usr/share/texmf-dist/tex/generic/babel/babel.def
File: babel.def 2020/05/13 3.44 Babel common definitions
\babel@savecnt=\count194
\U@D=\dimen145
\l@babelnohyphens=\language86

(/usr/share/texmf-dist/tex/generic/babel/txtbabel.def)
\bbl@readstream=\read2
)
\bbl@dirlevel=\count195

(/usr/share/texmf-dist/tex/generic/babel-english/english.ldf
Language: english 2017/06/06 v3.3r English support from the babel system
Package babel Info: \l@canadian = using hyphenrules for english
(babel)             (\language0) on input line 102.
Package babel Info: \l@australian = using hyphenrules for ukenglish
(babel)             (\language21) on input line 105.
Package babel Info: \l@newzealand = using hyphenrules for ukenglish
(babel)             (\language21) on input line 108.
))
(/usr/share/texmf-dist/tex/latex/caption/caption.sty
Package: caption 2020/05/10 v3.4j Customizing captions (AR)

(/usr/share/texmf-dist/tex/latex/caption/caption3.sty
Package: caption3 2020/05/10 v1.11 caption3 kernel (AR)
Package caption3 Info: TeX engine: e-TeX on input line 61.
\captionmargin=\dimen146
\captionmargin@=\dimen147
\captionwidth=\dimen148
\caption@tempdima=\dimen149
\caption@indent=\dimen150
\caption@parindent=\dimen151
\caption@hangindent=\dimen152
Package caption Info: KOMA-Script document class detected.
)
Package caption Info: KOMA-Script document class.
\c@caption@flags=\count196
\c@continuedfloat=\count197
)
(/usr/share/texmf-dist/tex/latex/graphics/graphicx.sty
Package: graphicx 2019/11/30 v1.2a Enhanced LaTeX Graphics (DPC,SPQR)

(/usr/share/texmf-dist/tex/latex/graphics/graphics.sty
Package: graphics 2019/11/30 v1.4a Standard LaTeX Graphics (DPC,SPQR)

(/usr/share/texmf-dist/tex/latex/graphics/trig.sty
Package: trig 2016/01/03 v1.10 sin cos tan (DPC)
)
(/usr/share/texmf-dist/tex/latex/graphics-cfg/graphics.cfg
File: graphics.cfg 2016/06/04 v1.11 sample graphics configuration
)
Package graphics Info: Driver file: pdftex.def on input line 105.

(/usr/share/texmf-dist/tex/latex/graphics-def/pdftex.def
File: pdftex.def 2018/01/08 v1.0l Graphics/color driver for pdftex
))
\Gin@req@height=\dimen153
\Gin@req@width=\dimen154
)
(/usr/share/texmf-dist/tex/latex/hyperref/hyperref.sty
Package: hyperref 2020-05-15 v7.00e Hypertext links for LaTeX

(/usr/share/texmf-dist/tex/generic/ltxcmds/ltxcmds.sty
Package: ltxcmds 2019/12/15 v1.24 LaTeX kernel commands for general use (HO)
)
(/usr/share/texmf-dist/tex/generic/iftex/iftex.sty
Package: iftex 2020/03/06 v1.0d TeX engine tests
)
(/usr/share/texmf-dist/tex/latex/pdftexcmds/pdftexcmds.sty
Package: pdftexcmds 2020-06-04 v0.32 Utility functions of pdfTeX for LuaTeX (HO
)

(/usr/share/texmf-dist/tex/generic/infwarerr/infwarerr.sty
Package: infwarerr 2019/12/03 v1.5 Providing info/warning/error messages (HO)
)
Package pdftexcmds Info: \pdf@primitive is available.
Package pdftexcmds Info: \pdf@ifprimitive is available.
Package pdftexcmds Info: \pdfdraftmode found.
)
(/usr/share/texmf-dist/tex/generic/kvsetkeys/kvsetkeys.sty
Package: kvsetkeys 2019/12/15 v1.18 Key value parser (HO)
)
(/usr/share/texmf-dist/tex/generic/kvdefinekeys/kvdefinekeys.sty
Package: kvdefinekeys 2019-12-19 v1.6 Define keys (HO)
)
(/usr/share/texmf-dist/tex/generic/pdfescape/pdfescape.sty
Package: pdfescape 2019/12/09 v1.15 Implements pdfTeX's escape features (HO)
)
(/usr/share/texmf-dist/tex/latex/hycolor/hycolor.sty
Package: hycolor 2020-01-27 v1.10 Color options for hyperref/bookmark (HO)
)
(/usr/share/texmf-dist/tex/latex/letltxmacro/letltxmacro.sty
Package: letltxmacro 2019/12/03 v1.6 Let assignment for LaTeX macros (HO)
)
(/usr/share/texmf-dist/tex/latex/auxhook/auxhook.sty
Package: auxhook 2019-12-17 v1.6 Hooks for auxiliary files (HO)
)
(/usr/share/texmf-dist/tex/latex/kvoptions/kvoptions.sty
Package: kvoptions 2019/11/29 v3.13 Key value format for package options (HO)
)
\@linkdim=\dimen155
\Hy@linkcounter=\count198
\Hy@pagecounter=\count199

(/usr/share/texmf-dist/tex/latex/hyperref/pd1enc.def
File: pd1enc.def 2020-05-15 v7.00e Hyperref: PDFDocEncoding definition (HO)
Now handling font encoding PD1 ...
... no UTF-8 mapping file for font encoding PD1
)
(/usr/share/texmf-dist/tex/generic/intcalc/intcalc.sty
Package: intcalc 2019/12/15 v1.3 Expandable calculations with integers (HO)
)
(/usr/share/texmf-dist/tex/generic/etexcmds/etexcmds.sty
Package: etexcmds 2019/12/15 v1.7 Avoid name clashes with e-TeX commands (HO)
)
\Hy@SavedSpaceFactor=\count266
Package hyperref Info: Option `colorlinks' set `true' on input line 4338.
Package hyperref Info: Option `bookmarks' set `true' on input line 4338.
Package hyperref Info: Option `bookmarksopen' set `true' on input line 4338.
Package hyperref Info: Hyper figures OFF on input line 4464.
Package hyperref Info: Link nesting OFF on input line 4469.
Package hyperref Info: Hyper index ON on input line 4472.
Package hyperref Info: Plain pages OFF on input line 4479.
Package hyperref Info: Backreferencing OFF on input line 4484.
Package hyperref Info: Implicit mode ON; LaTeX internals redefined.
Package hyperref Info: Bookmarks ON on input line 4717.
\c@Hy@tempcnt=\count267

(/usr/share/texmf-dist/tex/latex/url/url.sty
\Urlmuskip=\muskip17
Package: url 2013/09/16  ver 3.4  Verb mode for urls, etc.
)
LaTeX Info: Redefining \url on input line 5076.
\XeTeXLinkMargin=\dimen156

(/usr/share/texmf-dist/tex/generic/bitset/bitset.sty
Package: bitset 2019/12/09 v1.3 Handle bit-vector datatype (HO)

(/usr/share/texmf-dist/tex/generic/bigintcalc/bigintcalc.sty
Package: bigintcalc 2019/12/15 v1.5 Expandable calculations on big integers (HO
)
))
\Fld@menulength=\count268
\Field@Width=\dimen157
\Fld@charsize=\dimen158
Package hyperref Info: Hyper figures OFF on input line 6347.
Package hyperref Info: Link nesting OFF on input line 6352.
Package hyperref Info: Hyper index ON on input line 6355.
Package hyperref Info: backreferencing OFF on input line 6362.
Package hyperref Info: Link coloring ON on input line 6365.
Package hyperref Info: Link coloring with OCG OFF on input line 6372.
Package hyperref Info: PDF/A mode OFF on input line 6377.
LaTeX Info: Redefining \ref on input line 6417.
LaTeX Info: Redefining \pageref on input line 6421.

(/usr/share/texmf-dist/tex/generic/atbegshi/atbegshi.sty
Package: atbegshi 2019/12/05 v1.19 At begin shipout hook (HO)
)
\Hy@abspage=\count269
\c@Item=\count270
\c@Hfootnote=\count271
)
Package hyperref Info: Driver (autodetected): hpdftex.

(/usr/share/texmf-dist/tex/latex/hyperref/hpdftex.def
File: hpdftex.def 2020-05-15 v7.00e Hyperref driver for pdfTeX

(/usr/share/texmf-dist/tex/latex/atveryend/atveryend.sty
Package: atveryend 2019-12-11 v1.11 Hooks at the very end of document (HO)
Package atveryend Info: \enddocument detected (standard20110627).
)
\Fld@listcount=\count272
\c@bookmark@seq@number=\count273

(/usr/share/texmf-dist/tex/latex/rerunfilecheck/rerunfilecheck.sty
Package: rerunfilecheck 2019/12/05 v1.9 Rerun checks for auxiliary files (HO)

(/usr/share/texmf-dist/tex/generic/uniquecounter/uniquecounter.sty
Package: uniquecounter 2019/12/15 v1.4 Provide unlimited unique counter (HO)
)
Package uniquecounter Info: New unique counter `rerunfilecheck' on input line 2
86.
)
\Hy@SectionHShift=\skip68
)
(/usr/share/texmf-dist/tex/latex/tools/longtable.sty
Package: longtable 2020/01/07 v4.13 Multi-page Table package (DPC)
\LTleft=\skip69
\LTright=\skip70
\LTpre=\skip71
\LTpost=\skip72
\LTchunksize=\count274
\LTcapwidth=\dimen159
\LT@head=\box49
\LT@firsthead=\box50
\LT@foot=\box51
\LT@lastfoot=\box52
\LT@cols=\count275
\LT@rows=\count276
\c@LT@tables=\count277
\c@LT@chunks=\count278
\LT@p@ftn=\toks24
)
Class scrreprt Info: longtable captions redefined on input line 17.

(/usr/share/texmf-dist/tex/latex/natbib/natbib.sty
Package: natbib 2010/09/13 8.31b (PWD, AO)
\bibhang=\skip73
\bibsep=\skip74
LaTeX Info: Redefining \cite on input line 694.
\c@NAT@ctr=\count279
)
(/usr/share/texmf-dist/tex/latex/nomencl/nomencl.sty
Package: nomencl 2020/03/01 v5.4 Nomenclature package

(/usr/share/texmf-dist/tex/latex/xkeyval/xkeyval.sty
Package: xkeyval 2014/12/03 v2.7a package option processing (HA)

(/usr/share/texmf-dist/tex/generic/xkeyval/xkeyval.tex
(/usr/share/texmf-dist/tex/generic/xkeyval/xkvutils.tex
\XKV@toks=\toks25
\XKV@tempa@toks=\toks26
)
\XKV@depth=\count280
File: xkeyval.tex 2014/12/03 v2.7a key=value parser (HA)
))
(/usr/share/texmf-dist/tex/latex/base/ifthen.sty
Package: ifthen 2014/09/29 v1.1c Standard LaTeX ifthen package (DPC)
)
Package tocbasic Info: setting babel extension for `nlo' on input line 179.
Package tocbasic Info: setting babel extension for `nls' on input line 180.
\nomlabelwidth=\dimen160
\nom@tempdim=\dimen161
\nomitemsep=\skip75
)
(/usr/share/texmf-dist/tex/latex/base/textcomp.sty
Package: textcomp 2020/02/02 v2.0n Standard LaTeX package
)
(/usr/share/texmf-dist/tex/latex/xpatch/xpatch.sty
(/usr/share/texmf-dist/tex/latex/l3kernel/expl3.sty
Package: expl3 2020-06-03 L3 programming layer (loader) 

(/usr/share/texmf-dist/tex/latex/l3backend/l3backend-pdfmode.def
File: l3backend-pdfmode.def 2020-06-03 L3 backend support: PDF mode
\l__kernel_color_stack_int=\count281
\l__pdf_internal_box=\box53
))
Package: xpatch 2020/03/25 v0.3a Extending etoolbox patching commands

(/usr/share/texmf-dist/tex/latex/l3packages/xparse/xparse.sty
Package: xparse 2020-05-15 L3 Experimental document command parser

(/usr/share/texmf-dist/tex/latex/l3packages/xparse/xparse-generic.tex
\l__xparse_current_arg_int=\count282
\g__xparse_grabber_int=\count283
\l__xparse_m_args_int=\count284
\l__xparse_v_nesting_int=\count285
))
(/usr/share/texmf-dist/tex/latex/etoolbox/etoolbox.sty
Package: etoolbox 2019/09/21 v2.5h e-TeX tools for LaTeX (JAW)
\etb@tempcnta=\count286
))
(/usr/share/texmf-dist/tex/latex/pdfpages/pdfpages.sty
Package: pdfpages 2020/01/28 v0.5q Insert pages of external PDF documents (AM)

(/usr/share/texmf-dist/tex/latex/tools/calc.sty
Package: calc 2017/05/25 v4.3 Infix arithmetic (KKT,FJ)
\calc@Acount=\count287
\calc@Bcount=\count288
\calc@Adimen=\dimen162
\calc@Bdimen=\dimen163
\calc@Askip=\skip76
\calc@Bskip=\skip77
LaTeX Info: Redefining \setlength on input line 80.
LaTeX Info: Redefining \addtolength on input line 81.
\calc@Ccount=\count289
\calc@Cskip=\skip78
)
(/usr/share/texmf-dist/tex/latex/eso-pic/eso-pic.sty
Package: eso-pic 2018/04/12 v2.0h eso-pic (RN)

(/usr/share/texmf-dist/tex/latex/xcolor/xcolor.sty
Package: xcolor 2016/05/11 v2.12 LaTeX color extensions (UK)

(/usr/share/texmf-dist/tex/latex/graphics-cfg/color.cfg
File: color.cfg 2016/01/02 v1.6 sample color configuration
)
Package xcolor Info: Driver file: pdftex.def on input line 225.
Package xcolor Info: Model `cmy' substituted by `cmy0' on input line 1348.
Package xcolor Info: Model `hsb' substituted by `rgb' on input line 1352.
Package xcolor Info: Model `RGB' extended on input line 1364.
Package xcolor Info: Model `HTML' substituted by `rgb' on input line 1366.
Package xcolor Info: Model `Hsb' substituted by `hsb' on input line 1367.
Package xcolor Info: Model `tHsb' substituted by `hsb' on input line 1368.
Package xcolor Info: Model `HSB' substituted by `hsb' on input line 1369.
Package xcolor Info: Model `Gray' substituted by `gray' on input line 1370.
Package xcolor Info: Model `wave' substituted by `hsb' on input line 1371.
))
\AM@pagewidth=\dimen164
\AM@pageheight=\dimen165

(/usr/share/texmf-dist/tex/latex/pdfpages/pppdftex.def
File: pppdftex.def 2020/01/28 v0.5q Pdfpages driver for pdfTeX (AM)
)
\AM@pagebox=\box54
\AM@global@opts=\toks27
\AM@pagecnt=\count290
\AM@toc@title=\toks28
\c@AM@survey=\count291
\AM@templatesizebox=\box55
)
(/usr/share/texmf-dist/tex/latex/epigraph/epigraph.sty
Package: epigraph 2020/01/02 v1.5e typesetting epigraphs

(/usr/share/texmf-dist/tex/latex/nextpage/nextpage.sty
Package: nextpage 2009/09/03 v1.1a additional page commands
)
\beforeepigraphskip=\skip79
\afterepigraphskip=\skip80
\epigraphwidth=\skip81
\epigraphrule=\skip82
)
(/usr/share/texmf-dist/tex/latex/glossaries/base/glossaries.sty
Package: glossaries 2020/03/19 v4.46 (NLCT)

(/usr/share/texmf-dist/tex/latex/mfirstuc/mfirstuc.sty
Package: mfirstuc 2017/11/14 v2.06 (NLCT)
\@glsmfirst=\toks29
\@glsmrest=\toks30
)
(/usr/share/texmf-dist/tex/latex/textcase/textcase.sty
Package: textcase 2019/09/14 v1.00 Text only upper/lower case changing (DPC)
)
(/usr/share/texmf-dist/tex/latex/xfor/xfor.sty
Package: xfor 2009/02/05 v1.05 (NLCT)
)
(/usr/share/texmf-dist/tex/latex/datatool/datatool-base.sty
Package: datatool-base 2019/09/27 v2.32 (NLCT)

(/usr/share/texmf-dist/tex/latex/substr/substr.sty
Package: substr 2009/10/20 v1.2 Handle substrings
\c@su@anzahl=\count292
)
(/usr/share/texmf-dist/tex/latex/datatool/datatool-fp.sty
Package: datatool-fp 2019/09/27 v2.32 (NLCT)

(/usr/share/texmf-dist/tex/latex/fp/fp.sty
Package: fp 1995/04/02

`Fixed Point Package', Version 0.8, April 2, 1995 (C) Michael Mehlich
(/usr/share/texmf-dist/tex/latex/fp/defpattern.sty
Package: defpattern 1994/10/12
\actioncount=\count293
)
(/usr/share/texmf-dist/tex/latex/fp/fp-basic.sty
Package: fp-basic 1996/05/13
\FP@xs=\count294
\FP@xia=\count295
\FP@xib=\count296
\FP@xfa=\count297
\FP@xfb=\count298
\FP@rega=\count299
\FP@regb=\count300
\FP@regs=\count301
\FP@times=\count302
)
(/usr/share/texmf-dist/tex/latex/fp/fp-addons.sty
Package: fp-addons 1995/03/15
)
(/usr/share/texmf-dist/tex/latex/fp/fp-snap.sty
Package: fp-snap 1995/04/05
)
(/usr/share/texmf-dist/tex/latex/fp/fp-exp.sty
Package: fp-exp 1995/04/03
)
(/usr/share/texmf-dist/tex/latex/fp/fp-trigo.sty
Package: fp-trigo 1995/04/14
)
(/usr/share/texmf-dist/tex/latex/fp/fp-pas.sty
Package: fp-pas 1994/08/29
)
(/usr/share/texmf-dist/tex/latex/fp/fp-random.sty
Package: fp-random 1995/02/23
\FPseed=\count303
)
(/usr/share/texmf-dist/tex/latex/fp/fp-eqn.sty
Package: fp-eqn 1995/04/03
)
(/usr/share/texmf-dist/tex/latex/fp/fp-upn.sty
Package: fp-upn 1996/10/21
)
(/usr/share/texmf-dist/tex/latex/fp/fp-eval.sty
Package: fp-eval 1995/04/03
)))
\@dtl@toks=\toks31
\@dtl@tmpcount=\count304
\dtl@tmplength=\skip83
\dtl@sortresult=\count305
\@dtl@numgrpsepcount=\count306
\@dtl@datatype=\count307
\dtl@codeA=\count308
\dtl@codeB=\count309
\@dtl@foreach@level=\count310
)
(/usr/share/texmf-dist/tex/latex/glossaries/base/glossaries-compatible-307.sty
Package: glossaries-compatible-307 2020/03/19 v4.46 (NLCT)
) (/usr/share/texmf-dist/tex/latex/tracklang/tracklang.sty
Package: tracklang 2019/11/30 v1.4 (NLCT) Track Languages

(/usr/share/texmf-dist/tex/generic/tracklang/tracklang.tex))
(/usr/share/texmf-dist/tex/latex/translator/translator.sty
Package: translator 2019-05-31 v1.12a Easy translation of strings in LaTeX
)
(/usr/share/texmf-dist/tex/latex/glossaries-english/glossaries-english.ldf
File: glossaries-english.ldf 2014/11/23 v1.0
)
\gls@level=\count311
\@gls@tmpb=\toks32
\gls@tmplen=\skip84
\glskeylisttok=\toks33
\glslabeltok=\toks34
\glsshorttok=\toks35
\glslongtok=\toks36

(/usr/share/texmf-dist/tex/latex/glossaries/styles/glossary-hypernav.sty
Package: glossary-hypernav 2020/03/19 v4.46 (NLCT)
)
(/usr/share/texmf-dist/tex/latex/glossaries/styles/glossary-list.sty
Package: glossary-list 2020/03/19 v4.46 (NLCT)
\glslistdottedwidth=\skip85
)
(/usr/share/texmf-dist/tex/latex/glossaries/styles/glossary-long.sty
Package: glossary-long 2020/03/19 v4.46 (NLCT)
\glsdescwidth=\skip86
\glspagelistwidth=\skip87
)
(/usr/share/texmf-dist/tex/latex/glossaries/styles/glossary-super.sty
Package: glossary-super 2020/03/19 v4.46 (NLCT)

(/usr/share/texmf-dist/tex/latex/supertabular/supertabular.sty
Package: supertabular 2020/02/02 v4.1g the supertabular environment
\c@tracingst=\count312
\ST@wd=\dimen166
\ST@rightskip=\skip88
\ST@leftskip=\skip89
\ST@parfillskip=\skip90
\ST@pageleft=\dimen167
\ST@headht=\dimen168
\ST@tailht=\dimen169
\ST@pagesofar=\dimen170
\ST@pboxht=\dimen171
\ST@lineht=\dimen172
\ST@prevht=\dimen173
\ST@toadd=\dimen174
\ST@dimen=\dimen175
\ST@pbox=\box56
))
(/usr/share/texmf-dist/tex/latex/glossaries/styles/glossary-tree.sty
Package: glossary-tree 2020/03/19 v4.46 (NLCT)
\glstreeindent=\skip91
))
\glswrite=\write3
\glo@main@file=\write4
Package glossaries Info: Writing glossary file thesis_RG.glo on input line 33.
\glo@acronym@file=\write5
Package glossaries Info: Writing glossary file thesis_RG.acn on input line 33.
\glo@software@file=\write6
Package glossaries Info: Writing glossary file thesis_RG.software-glo on input 
line 33.

(./thesis_RG.aux)
LaTeX Font Info:    Checking defaults for OML/cmm/m/it on input line 118.
LaTeX Font Info:    ... okay on input line 118.
LaTeX Font Info:    Checking defaults for OMS/cmsy/m/n on input line 118.
LaTeX Font Info:    ... okay on input line 118.
LaTeX Font Info:    Checking defaults for OT1/cmr/m/n on input line 118.
LaTeX Font Info:    ... okay on input line 118.
LaTeX Font Info:    Checking defaults for T1/cmr/m/n on input line 118.
LaTeX Font Info:    ... okay on input line 118.
LaTeX Font Info:    Checking defaults for TS1/cmr/m/n on input line 118.
LaTeX Font Info:    ... okay on input line 118.
LaTeX Font Info:    Checking defaults for OMX/cmex/m/n on input line 118.
LaTeX Font Info:    ... okay on input line 118.
LaTeX Font Info:    Checking defaults for U/cmr/m/n on input line 118.
LaTeX Font Info:    ... okay on input line 118.
LaTeX Font Info:    Checking defaults for PD1/pdf/m/n on input line 118.
LaTeX Font Info:    ... okay on input line 118.
Package scrbase Info: activating english \contentsname on input line 118.
Package scrbase Info: activating english \listfigurename on input line 118.
Package scrbase Info: activating english \listtablename on input line 118.
LaTeX Info: Redefining \microtypecontext on input line 118.
Package microtype Info: Generating PDF output.
Package microtype Info: Character protrusion enabled (level 2).
Package microtype Info: Using default protrusion set `alltext'.
Package microtype Info: Automatic font expansion enabled (level 2),
(microtype)             stretch: 20, shrink: 20, step: 1, non-selected.
Package microtype Info: Using default expansion set `basictext'.
LaTeX Info: Redefining \showhyphens on input line 118.
Package microtype Info: No adjustment of tracking.
Package microtype Info: No adjustment of interword spacing.
Package microtype Info: No adjustment of character kerning.
 (/usr/share/texmf-dist/tex/latex/microtype/mt-cmr.cfg
File: mt-cmr.cfg 2013/05/19 v2.2 microtype config. file: Computer Modern Roman 
(RS)
)
Package caption Info: Begin \AtBeginDocument code.
Package caption Info: hyperref package is loaded.
Package caption Info: longtable package is loaded.

(/usr/share/texmf-dist/tex/latex/caption/ltcaption.sty
Package: ltcaption 2018/08/26 v1.4a longtable captions (AR)
)
Package caption Info: supertabular package is loaded.
Package caption Info: End \AtBeginDocument code.

(/usr/share/texmf-dist/tex/context/base/mkii/supp-pdf.mkii
[Loading MPS to PDF converter (version 2006.09.02).]
\scratchcounter=\count313
\scratchdimen=\dimen176
\scratchbox=\box57
\nofMPsegments=\count314
\nofMParguments=\count315
\everyMPshowfont=\toks37
\MPscratchCnt=\count316
\MPscratchDim=\dimen177
\MPnumerator=\count317
\makeMPintoPDFobject=\count318
\everyMPtoPDFconversion=\toks38
) (/usr/share/texmf-dist/tex/latex/epstopdf-pkg/epstopdf-base.sty
Package: epstopdf-base 2020-01-24 v2.11 Base part for package epstopdf
Package epstopdf-base Info: Redefining graphics rule for `.eps' on input line 4
85.

(/usr/share/texmf-dist/tex/latex/latexconfig/epstopdf-sys.cfg
File: epstopdf-sys.cfg 2010/07/13 v1.3 Configuration of (r)epstopdf for TeX Liv
e
))
\AtBeginShipoutBox=\box58
Package hyperref Info: Link coloring ON on input line 118.

(/usr/share/texmf-dist/tex/latex/hyperref/nameref.sty
Package: nameref 2019/09/16 v2.46 Cross-referencing by name of section

(/usr/share/texmf-dist/tex/latex/refcount/refcount.sty
Package: refcount 2019/12/15 v3.6 Data extraction from label references (HO)
)
(/usr/share/texmf-dist/tex/generic/gettitlestring/gettitlestring.sty
Package: gettitlestring 2019/12/15 v1.6 Cleanup title references (HO)
)
\c@section@level=\count319
)
LaTeX Info: Redefining \ref on input line 118.
LaTeX Info: Redefining \pageref on input line 118.
LaTeX Info: Redefining \nameref on input line 118.

(./thesis_RG.out) (./thesis_RG.out)
\@outlinefile=\write7
Class scrreprt Info: loading recommended package `bookmark'.
(scrreprt)           Using `bookmark' together with `hyperref' is recommended,
(scrreprt)           because of handling of possible bookmark level gaps.
(scrreprt)           You can avoid loading `bookmark' with KOMA-Script option
(scrreprt)           `bookmarkpackage=false' before \begin{document} and
(scrreprt)           you can avoid this message adding:
(scrreprt)             \usepackage{bookmark}
(scrreprt)           before \begin{document} on input line 118.

(/usr/share/texmf-dist/tex/latex/bookmark/bookmark.sty
Package: bookmark 2019/12/03 v1.28 PDF bookmarks (HO)

(/usr/share/texmf-dist/tex/latex/bookmark/bkm-pdftex.def
File: bkm-pdftex.def 2019/12/03 v1.28 bookmark driver for pdfTeX (HO)
Package auxhook Info: \AddLineBeginMainAux comes a little late,
(auxhook)             because the main .aux file is already opened on input lin
e 168.
\BKM@id=\count320
))
(/usr/share/texmf-dist/tex/latex/pdflscape/pdflscape.sty
Package: pdflscape 2019/12/05 v0.12 Display of landscape pages in PDF (HO)

(/usr/share/texmf-dist/tex/latex/graphics/lscape.sty
Package: lscape 2000/10/22 v3.01 Landscape Pages (DPC)
)
Package pdflscape Info: Auto-detected driver: pdftex on input line 81.
)
Package epstopdf Info: Source file: <husiegel_bw_op.eps>
(epstopdf)                    date: 2018-11-09 17:00:31
(epstopdf)                    size: 237948 bytes
(epstopdf)             Output file: <husiegel_bw_op-eps-converted-to.pdf>
(epstopdf)                    date: 2018-11-23 08:23:40
(epstopdf)                    size: 33883 bytes
(epstopdf)             Command: <repstopdf --outfile=husiegel_bw_op-eps-convert
ed-to.pdf husiegel_bw_op.eps>
(epstopdf)             \includegraphics on input line 143.
Package epstopdf Info: Output file is already uptodate.


pdfTeX warning: /usr/bin/pdflatex (file ./husiegel_bw_op-eps-converted-to.pdf):
 PDF inclusion: found PDF version <1.7>, but at most version <1.5> allowed
<husiegel_bw_op-eps-converted-to.pdf, id=4, 131.49126pt x 132.495pt>
File: husiegel_bw_op-eps-converted-to.pdf Graphic file (type pdf)
<use husiegel_bw_op-eps-converted-to.pdf>
Package pdftex.def Info: husiegel_bw_op-eps-converted-to.pdf  used on input lin
e 143.
(pdftex.def)             Requested size: 85.35696pt x 86.01154pt.
[1



{/var/lib/texmf/fonts/map/pdftex/updmap/pdftex.map} <./husiegel_bw_op-eps-conve
rted-to.pdf>]
Package microtype Info: Loading generic protrusion settings for font family
(microtype)             `cmss' (encoding: OT1).
(microtype)             For optimal results, create family-specific settings.
(microtype)             See the microtype manual for details.
 [2


]
Package tocbasic Info: character protrusion at toc deactivated on input line 21
4.
 (./thesis_RG.toc
LaTeX Font Info:    Trying to load font information for U+msa on input line 6.

(/usr/share/texmf-dist/tex/latex/amsfonts/umsa.fd
File: umsa.fd 2013/01/14 v3.01 AMS symbols A
)
(/usr/share/texmf-dist/tex/latex/microtype/mt-msa.cfg
File: mt-msa.cfg 2006/02/04 v1.1 microtype config. file: AMS symbols (a) (RS)
)
LaTeX Font Info:    Trying to load font information for U+msb on input line 6.

(/usr/share/texmf-dist/tex/latex/amsfonts/umsb.fd
File: umsb.fd 2013/01/14 v3.01 AMS symbols B
)
(/usr/share/texmf-dist/tex/latex/microtype/mt-msb.cfg
File: mt-msb.cfg 2005/06/01 v1.0 microtype config. file: AMS symbols (b) (RS)
) [1

])
\tf@toc=\write8
 [2]
Package tocbasic Info: character protrusion at lot deactivated on input line 21
8.

(./thesis_RG.lot)
\tf@lot=\write9
 [3



] (./thesis_RG.acr) [4




]
chapter 1.
pdfTeX warning (ext4): destination with the same identifier (name{page.1}) has 
been already used, duplicate ignored
<to be read again> 
                   \relax 
l.235 
       [1



]pdfTeX warning (ext4): destination with the same identifier (name{page.2}) has
 been already used, duplicate ignored
<to be read again> 
                   \relax 
l.242 \chapter
              {Theory} [2]
chapter 2.
[3

] [4] [5] [6] [7] [8] [9] [10] [11] [12] [13] [14] [15] [16]
chapter 3.

Overfull \hbox (0.18385pt too wide) in paragraph at lines 492--498
[][] 
 []


Underfull \hbox (badness 10000) in paragraph at lines 492--498

 []

Package microtype Info: Loading generic protrusion settings for font family
(microtype)             `cmtt' (encoding: OT1).
(microtype)             For optimal results, create family-specific settings.
(microtype)             See the microtype manual for details.
[17

]
Underfull \hbox (badness 10000) in paragraph at lines 512--512
  [][][]\OT1/cmr/m/n/10 (+20) see [][]$\OT1/cmtt/m/n/10 https : / / github . co
m / geyslein / Masters _ Thesis / blob / master / _data / collection /
 []

[18] [19] [20] [21]
chapter 4.
[22

] [23] [24] [25] [26] [27] [28] [29] [30] [31] [32] [33] [34] [35] [36]
[37] [38] [39]
chapter 5.
[40

] [41] [42] [43] [44] [45] [46] [47] [48] [49]
chapter 6.
[50

] [51]
chapter 7.
[52

] [53] [54

] (./thesis_RG.bbl
chapter without number
[55



] [56] [57] [58] [59] [60] [61] [62] [63] [64] [65] [66] [67] [68] [69]
[70] [71] [72] [73] [74]
Overfull \hbox (2.286pt too wide) in paragraph at lines 1610--1613
[]\OT1/cmr/m/n/12 (-20) Zwart, S. P. (2018).  Computational astrophysics for th
e future.  \OT1/cmr/m/it/12 (-20) Science\OT1/cmr/m/n/12 (-20) , 361(6406):979-
-
 []

) [75] (./thesis_RG.software-gls
Overfull \hbox (9.01341pt too wide) in paragraph at lines 42--44
[][][]$\OT1/cmtt/m/n/12 https : / / about . brepolis . net / library-[]of-[]lat
in-[]texts/$[][]\OT1/cmr/m/n/12 (-20) . 
 []


Overfull \hbox (10.83778pt too wide) in paragraph at lines 58--58
[][][]$\OT1/cmtt/m/n/12 https : / / db . degruyter . com / databasecontent ? db
id =
 []

[76




]) [77] [78



]
chapter A.
<_methods/Interview_guidelines_en.pdf, id=1979, 614.295pt x 794.97pt>
File: _methods/Interview_guidelines_en.pdf Graphic file (type pdf)
<use _methods/Interview_guidelines_en.pdf>
Package pdftex.def Info: _methods/Interview_guidelines_en.pdf  used on input li
ne 1170.
(pdftex.def)             Requested size: 614.29349pt x 794.96806pt.
File: _methods/Interview_guidelines_en.pdf Graphic file (type pdf)
<use _methods/Interview_guidelines_en.pdf>
Package pdftex.def Info: _methods/Interview_guidelines_en.pdf  used on input li
ne 1170.
(pdftex.def)             Requested size: 614.29349pt x 794.96806pt.
<_methods/Interview_guidelines_en.pdf, id=1982, page=1, 614.295pt x 794.97pt>
File: _methods/Interview_guidelines_en.pdf Graphic file (type pdf)
<use _methods/Interview_guidelines_en.pdf, page 1>
Package pdftex.def Info: _methods/Interview_guidelines_en.pdf , page1 used on i
nput line 1170.
(pdftex.def)             Requested size: 614.29349pt x 794.96806pt.
File: _methods/Interview_guidelines_en.pdf Graphic file (type pdf)
<use _methods/Interview_guidelines_en.pdf, page 1>
Package pdftex.def Info: _methods/Interview_guidelines_en.pdf , page1 used on i
nput line 1170.
(pdftex.def)             Requested size: 597.78697pt x 773.60669pt.
[79

]
File: _methods/Interview_guidelines_en.pdf Graphic file (type pdf)
<use _methods/Interview_guidelines_en.pdf, page 1>
Package pdftex.def Info: _methods/Interview_guidelines_en.pdf , page1 used on i
nput line 1170.
(pdftex.def)             Requested size: 597.78697pt x 773.60669pt.
File: _methods/Interview_guidelines_en.pdf Graphic file (type pdf)
<use _methods/Interview_guidelines_en.pdf, page 1>
Package pdftex.def Info: _methods/Interview_guidelines_en.pdf , page1 used on i
nput line 1170.
(pdftex.def)             Requested size: 597.78697pt x 773.60669pt.
File: _methods/Interview_guidelines_en.pdf Graphic file (type pdf)
<use _methods/Interview_guidelines_en.pdf, page 1>
Package pdftex.def Info: _methods/Interview_guidelines_en.pdf , page1 used on i
nput line 1170.
(pdftex.def)             Requested size: 597.78697pt x 773.60669pt.
 [80 <./_methods/Interview_guidelines_en.pdf>]
<_methods/Interview_guidelines_en.pdf, id=2011, page=2, 614.295pt x 794.97pt>
File: _methods/Interview_guidelines_en.pdf Graphic file (type pdf)
<use _methods/Interview_guidelines_en.pdf, page 2>
Package pdftex.def Info: _methods/Interview_guidelines_en.pdf , page2 used on i
nput line 1170.
(pdftex.def)             Requested size: 597.78697pt x 773.60669pt.
File: _methods/Interview_guidelines_en.pdf Graphic file (type pdf)
<use _methods/Interview_guidelines_en.pdf, page 2>
Package pdftex.def Info: _methods/Interview_guidelines_en.pdf , page2 used on i
nput line 1170.
(pdftex.def)             Requested size: 597.78697pt x 773.60669pt.
File: _methods/Interview_guidelines_en.pdf Graphic file (type pdf)
<use _methods/Interview_guidelines_en.pdf, page 2>
Package pdftex.def Info: _methods/Interview_guidelines_en.pdf , page2 used on i
nput line 1170.
(pdftex.def)             Requested size: 597.78697pt x 773.60669pt.
 [81 <./_methods/Interview_guidelines_en.pdf>]
<_methods/Interview_guidelines_en.pdf, id=2016, page=3, 614.295pt x 794.97pt>
File: _methods/Interview_guidelines_en.pdf Graphic file (type pdf)
<use _methods/Interview_guidelines_en.pdf, page 3>
Package pdftex.def Info: _methods/Interview_guidelines_en.pdf , page3 used on i
nput line 1170.
(pdftex.def)             Requested size: 597.78697pt x 773.60669pt.
File: _methods/Interview_guidelines_en.pdf Graphic file (type pdf)
<use _methods/Interview_guidelines_en.pdf, page 3>
Package pdftex.def Info: _methods/Interview_guidelines_en.pdf , page3 used on i
nput line 1170.
(pdftex.def)             Requested size: 597.78697pt x 773.60669pt.
File: _methods/Interview_guidelines_en.pdf Graphic file (type pdf)
<use _methods/Interview_guidelines_en.pdf, page 3>
Package pdftex.def Info: _methods/Interview_guidelines_en.pdf , page3 used on i
nput line 1170.
(pdftex.def)             Requested size: 597.78697pt x 773.60669pt.
 [82 <./_methods/Interview_guidelines_en.pdf>]
chapter B.
<_analysis/codebook.txt.pdf, id=2021, 597.50786pt x 845.04686pt>
File: _analysis/codebook.txt.pdf Graphic file (type pdf)
<use _analysis/codebook.txt.pdf>
Package pdftex.def Info: _analysis/codebook.txt.pdf  used on input line 1175.
(pdftex.def)             Requested size: 597.5064pt x 845.0448pt.
File: _analysis/codebook.txt.pdf Graphic file (type pdf)
<use _analysis/codebook.txt.pdf>
Package pdftex.def Info: _analysis/codebook.txt.pdf  used on input line 1175.
(pdftex.def)             Requested size: 597.5064pt x 845.0448pt.
<_analysis/codebook.txt.pdf, id=2024, page=1, 597.50786pt x 845.04686pt>
File: _analysis/codebook.txt.pdf Graphic file (type pdf)
<use _analysis/codebook.txt.pdf, page 1>
Package pdftex.def Info: _analysis/codebook.txt.pdf , page1 used on input line 
1175.
(pdftex.def)             Requested size: 597.5064pt x 845.0448pt.
File: _analysis/codebook.txt.pdf Graphic file (type pdf)
<use _analysis/codebook.txt.pdf, page 1>
Package pdftex.def Info: _analysis/codebook.txt.pdf , page1 used on input line 
1175.
(pdftex.def)             Requested size: 597.53374pt x 845.08348pt.
[83



]
File: _analysis/codebook.txt.pdf Graphic file (type pdf)
<use _analysis/codebook.txt.pdf, page 1>
Package pdftex.def Info: _analysis/codebook.txt.pdf , page1 used on input line 
1175.
(pdftex.def)             Requested size: 597.53374pt x 845.08348pt.
File: _analysis/codebook.txt.pdf Graphic file (type pdf)
<use _analysis/codebook.txt.pdf, page 1>
Package pdftex.def Info: _analysis/codebook.txt.pdf , page1 used on input line 
1175.
(pdftex.def)             Requested size: 597.53374pt x 845.08348pt.
File: _analysis/codebook.txt.pdf Graphic file (type pdf)
<use _analysis/codebook.txt.pdf, page 1>
Package pdftex.def Info: _analysis/codebook.txt.pdf , page1 used on input line 
1175.
(pdftex.def)             Requested size: 597.53374pt x 845.08348pt.
 [84 <./_analysis/codebook.txt.pdf>]
<_analysis/codebook.txt.pdf, id=2041, page=2, 597.50786pt x 845.04686pt>
File: _analysis/codebook.txt.pdf Graphic file (type pdf)
<use _analysis/codebook.txt.pdf, page 2>
Package pdftex.def Info: _analysis/codebook.txt.pdf , page2 used on input line 
1175.
(pdftex.def)             Requested size: 597.53374pt x 845.08348pt.
File: _analysis/codebook.txt.pdf Graphic file (type pdf)
<use _analysis/codebook.txt.pdf, page 2>
Package pdftex.def Info: _analysis/codebook.txt.pdf , page2 used on input line 
1175.
(pdftex.def)             Requested size: 597.53374pt x 845.08348pt.
File: _analysis/codebook.txt.pdf Graphic file (type pdf)
<use _analysis/codebook.txt.pdf, page 2>
Package pdftex.def Info: _analysis/codebook.txt.pdf , page2 used on input line 
1175.
(pdftex.def)             Requested size: 597.53374pt x 845.08348pt.
 [85 <./_analysis/codebook.txt.pdf>]
chapter C.
<_data/collection/consent form interview (German).pdf, id=2048, 597.23125pt x 8
45.1575pt>
File: _data/collection/consent form interview (German).pdf Graphic file (type p
df)
<use _data/collection/consent form interview (German).pdf>
Package pdftex.def Info: _data/collection/consent form interview (German).pdf  
used on input line 1179.
(pdftex.def)             Requested size: 597.22978pt x 845.15544pt.
File: _data/collection/consent form interview (German).pdf Graphic file (type p
df)
<use _data/collection/consent form interview (German).pdf>
Package pdftex.def Info: _data/collection/consent form interview (German).pdf  
used on input line 1179.
(pdftex.def)             Requested size: 597.22978pt x 845.15544pt.
<_data/collection/consent form interview (German).pdf, id=2051, page=1, 597.231
25pt x 845.1575pt>
File: _data/collection/consent form interview (German).pdf Graphic file (type p
df)
<use _data/collection/consent form interview (German).pdf, page 1>
Package pdftex.def Info: _data/collection/consent form interview (German).pdf ,
 page1 used on input line 1179.
(pdftex.def)             Requested size: 597.22978pt x 845.15544pt.
File: _data/collection/consent form interview (German).pdf Graphic file (type p
df)
<use _data/collection/consent form interview (German).pdf, page 1>
Package pdftex.def Info: _data/collection/consent form interview (German).pdf ,
 page1 used on input line 1179.
(pdftex.def)             Requested size: 597.25711pt x 845.19412pt.
[86



]
File: _data/collection/consent form interview (German).pdf Graphic file (type p
df)
<use _data/collection/consent form interview (German).pdf, page 1>
Package pdftex.def Info: _data/collection/consent form interview (German).pdf ,
 page1 used on input line 1179.
(pdftex.def)             Requested size: 597.25711pt x 845.19412pt.
File: _data/collection/consent form interview (German).pdf Graphic file (type p
df)
<use _data/collection/consent form interview (German).pdf, page 1>
Package pdftex.def Info: _data/collection/consent form interview (German).pdf ,
 page1 used on input line 1179.
(pdftex.def)             Requested size: 597.25711pt x 845.19412pt.
File: _data/collection/consent form interview (German).pdf Graphic file (type p
df)
<use _data/collection/consent form interview (German).pdf, page 1>
Package pdftex.def Info: _data/collection/consent form interview (German).pdf ,
 page1 used on input line 1179.
(pdftex.def)             Requested size: 597.25711pt x 845.19412pt.
 [87 <./_data/collection/consent form interview (German).pdf>]
<_admin/Selbststaendigkeitserklaerung_ohneU.pdf, id=2078, 597.23125pt x 845.157
5pt>
File: _admin/Selbststaendigkeitserklaerung_ohneU.pdf Graphic file (type pdf)
<use _admin/Selbststaendigkeitserklaerung_ohneU.pdf>
Package pdftex.def Info: _admin/Selbststaendigkeitserklaerung_ohneU.pdf  used o
n input line 1185.
(pdftex.def)             Requested size: 597.22978pt x 845.15544pt.
File: _admin/Selbststaendigkeitserklaerung_ohneU.pdf Graphic file (type pdf)
<use _admin/Selbststaendigkeitserklaerung_ohneU.pdf>
Package pdftex.def Info: _admin/Selbststaendigkeitserklaerung_ohneU.pdf  used o
n input line 1185.
(pdftex.def)             Requested size: 597.22978pt x 845.15544pt.
<_admin/Selbststaendigkeitserklaerung_ohneU.pdf, id=2081, page=1, 597.23125pt x
 845.1575pt>
File: _admin/Selbststaendigkeitserklaerung_ohneU.pdf Graphic file (type pdf)
<use _admin/Selbststaendigkeitserklaerung_ohneU.pdf, page 1>
Package pdftex.def Info: _admin/Selbststaendigkeitserklaerung_ohneU.pdf , page1
 used on input line 1185.
(pdftex.def)             Requested size: 597.22978pt x 845.15544pt.
File: _admin/Selbststaendigkeitserklaerung_ohneU.pdf Graphic file (type pdf)
<use _admin/Selbststaendigkeitserklaerung_ohneU.pdf, page 1>
Package pdftex.def Info: _admin/Selbststaendigkeitserklaerung_ohneU.pdf , page1
 used on input line 1185.
(pdftex.def)             Requested size: 597.25711pt x 845.19412pt.
File: _admin/Selbststaendigkeitserklaerung_ohneU.pdf Graphic file (type pdf)
<use _admin/Selbststaendigkeitserklaerung_ohneU.pdf, page 1>
Package pdftex.def Info: _admin/Selbststaendigkeitserklaerung_ohneU.pdf , page1
 used on input line 1185.
(pdftex.def)             Requested size: 597.25711pt x 845.19412pt.
File: _admin/Selbststaendigkeitserklaerung_ohneU.pdf Graphic file (type pdf)
<use _admin/Selbststaendigkeitserklaerung_ohneU.pdf, page 1>
Package pdftex.def Info: _admin/Selbststaendigkeitserklaerung_ohneU.pdf , page1
 used on input line 1185.
(pdftex.def)             Requested size: 597.25711pt x 845.19412pt.
File: _admin/Selbststaendigkeitserklaerung_ohneU.pdf Graphic file (type pdf)
<use _admin/Selbststaendigkeitserklaerung_ohneU.pdf, page 1>
Package pdftex.def Info: _admin/Selbststaendigkeitserklaerung_ohneU.pdf , page1
 used on input line 1185.
(pdftex.def)             Requested size: 597.25711pt x 845.19412pt.
 [88 <./_admin/Selbststaendigkeitserklaerung_ohneU.pdf>]
Package atveryend Info: Empty hook `BeforeClearDocument' on input line 1188.
Package atveryend Info: Empty hook `AfterLastShipout' on input line 1188.
 (./thesis_RG.aux)
Package atveryend Info: Executing hook `AtVeryEndDocument' on input line 1188.
Package atveryend Info: Executing hook `AtEndAfterFileList' on input line 1188.

Package rerunfilecheck Info: File `thesis_RG.out' has not changed.
(rerunfilecheck)             Checksum: D41D8CD98F00B204E9800998ECF8427E;0.
Package atveryend Info: Empty hook `AtVeryVeryEnd' on input line 1188.
 )
(\end occurred inside a group at level 1)

### simple group (level 1) entered at line 661 ({)
### bottom level 
Here is how much of TeX's memory you used:
 24110 strings out of 480478
 421804 string characters out of 5905958
 881310 words of memory out of 5000000
 39087 multiletter control sequences out of 15000+600000
 554238 words of font info for 175 fonts, out of 8000000 for 9000
 1141 hyphenation exceptions out of 8191
 57i,18n,86p,10104b,1261s stack positions out of 5000i,500n,10000p,200000b,80000s
{/usr/share/texmf-dist/fonts/enc/dvips/cm-super/cm-super-ts1.en
c}</usr/share/texmf-dist/fonts/type1/public/amsfonts/cm/cmbx12.pfb></usr/share/
texmf-dist/fonts/type1/public/amsfonts/cm/cmcsc10.pfb></usr/share/texmf-dist/fo
nts/type1/public/amsfonts/cm/cmr10.pfb></usr/share/texmf-dist/fonts/type1/publi
c/amsfonts/cm/cmr12.pfb></usr/share/texmf-dist/fonts/type1/public/amsfonts/cm/c
mr7.pfb></usr/share/texmf-dist/fonts/type1/public/amsfonts/cm/cmr8.pfb></usr/sh
are/texmf-dist/fonts/type1/public/amsfonts/cm/cmssbx10.pfb></usr/share/texmf-di
st/fonts/type1/public/amsfonts/cm/cmsy10.pfb></usr/share/texmf-dist/fonts/type1
/public/amsfonts/cm/cmti10.pfb></usr/share/texmf-dist/fonts/type1/public/amsfon
ts/cm/cmti12.pfb></usr/share/texmf-dist/fonts/type1/public/amsfonts/cm/cmti8.pf
b></usr/share/texmf-dist/fonts/type1/public/amsfonts/cm/cmtt10.pfb></usr/share/
texmf-dist/fonts/type1/public/amsfonts/cm/cmtt12.pfb></usr/share/texmf-dist/fon
ts/type1/public/lm/lmbx10.pfb></usr/share/texmf-dist/fonts/type1/public/lm/lmbx
12.pfb></usr/share/texmf-dist/fonts/type1/public/lm/lmr10.pfb></usr/share/texmf
-dist/fonts/type1/public/cm-super/sfrm1200.pfb></usr/share/texmf-dist/fonts/typ
e1/public/cm-super/sfti1200.pfb>
Output written on thesis_RG.pdf (94 pages, 690391 bytes).
PDF statistics:
 2394 PDF objects out of 2487 (max. 8388607)
 2219 compressed objects within 23 object streams
 441 named destinations out of 1000 (max. 500000)
 30653 words of extra memory for PDF output out of 35830 (max. 10000000)

